SF:lib\data\api\api_client.dart
DA:21,0
DA:22,0
DA:23,0
DA:29,0
DA:30,0
DA:31,0
DA:36,0
DA:44,0
DA:46,0
DA:47,0
DA:48,0
DA:50,0
DA:51,0
DA:52,0
DA:53,0
DA:54,0
DA:55,0
DA:59,0
DA:60,0
DA:61,0
DA:62,0
DA:63,0
DA:64,0
DA:67,0
DA:69,0
DA:72,0
DA:74,0
DA:76,0
DA:80,0
DA:81,0
DA:82,0
DA:83,0
DA:85,0
DA:88,0
DA:90,0
DA:92,0
DA:93,0
DA:94,0
DA:98,0
DA:99,0
DA:100,0
DA:101,0
DA:103,0
DA:104,0
DA:112,0
DA:113,0
DA:114,0
DA:115,0
DA:116,0
DA:117,0
DA:119,0
DA:120,0
DA:121,0
DA:122,0
DA:126,0
DA:128,0
DA:130,0
DA:132,0
DA:135,0
DA:136,0
DA:137,0
DA:139,0
DA:140,0
DA:142,0
DA:146,0
DA:147,0
DA:148,0
DA:151,0
DA:157,0
DA:158,0
DA:162,0
DA:163,0
DA:164,0
DA:166,0
DA:169,0
DA:170,0
DA:171,0
DA:173,0
DA:176,0
DA:177,0
DA:178,0
DA:179,0
DA:181,0
DA:182,0
DA:185,0
DA:186,0
DA:188,0
DA:189,0
DA:192,0
DA:199,0
DA:202,0
DA:203,0
DA:204,0
DA:205,0
DA:206,0
DA:210,0
DA:211,0
DA:214,0
DA:216,0
DA:219,0
DA:221,0
DA:224,0
DA:225,0
DA:226,0
DA:227,0
DA:228,0
DA:239,0
DA:244,0
DA:245,0
DA:247,0
DA:251,0
DA:252,0
DA:255,0
DA:256,0
DA:259,0
DA:260,0
DA:263,0
DA:264,0
DA:265,0
DA:266,0
DA:269,0
DA:270,0
DA:271,0
LF:123
LH:0
end_of_record
SF:lib\core\env.dart
DA:24,1
DA:27,1
DA:28,1
DA:33,0
LF:4
LH:3
end_of_record
SF:lib\core\config\network_config.dart
DA:24,0
DA:25,0
DA:26,0
DA:29,0
DA:30,0
DA:31,0
DA:33,0
DA:34,0
DA:35,0
DA:39,0
DA:46,0
DA:49,0
DA:50,0
DA:60,0
DA:61,0
DA:62,0
DA:69,0
DA:70,0
DA:71,0
DA:74,0
DA:81,0
DA:82,0
DA:89,0
DA:96,0
DA:100,0
DA:109,0
DA:111,0
DA:112,0
DA:121,0
DA:130,0
DA:131,0
DA:132,0
DA:133,0
DA:139,0
DA:140,0
DA:141,0
DA:149,0
DA:150,0
DA:151,0
DA:152,0
DA:158,0
DA:159,0
DA:160,0
DA:164,0
DA:165,0
DA:166,0
DA:170,0
DA:171,0
DA:178,1
DA:179,1
DA:182,1
DA:183,1
DA:184,4
DA:185,2
DA:192,0
LF:55
LH:6
end_of_record
SF:lib\core\utils\image_url_helper.dart
DA:8,0
DA:14,0
DA:15,0
DA:19,1
DA:20,2
DA:21,1
DA:25,0
DA:26,0
DA:31,0
DA:32,0
DA:37,0
DA:41,0
DA:44,0
DA:45,0
DA:47,0
DA:51,1
DA:52,2
DA:57,2
DA:62,0
DA:63,1
DA:64,1
DA:66,1
DA:70,1
DA:71,1
DA:72,1
DA:73,2
DA:77,0
DA:78,1
DA:79,1
DA:81,1
DA:85,1
DA:89,1
DA:91,1
DA:93,1
DA:94,1
DA:95,1
DA:99,1
DA:103,0
DA:104,1
DA:105,1
DA:106,1
DA:110,0
DA:111,0
DA:115,0
DA:116,0
DA:120,0
DA:121,0
DA:125,0
DA:129,0
DA:130,0
DA:131,0
DA:133,0
DA:137,0
DA:138,0
DA:142,0
DA:146,0
DA:147,0
DA:148,0
DA:150,0
DA:154,0
DA:155,0
DA:158,0
DA:162,0
DA:164,0
DA:165,0
DA:169,0
DA:170,0
DA:174,1
LF:68
LH:27
end_of_record
SF:lib\core\utils\validators\form_validators.dart
DA:3,0
DA:6,1
DA:7,1
DA:11,1
DA:12,2
DA:20,1
DA:21,1
DA:25,2
DA:30,2
DA:35,2
DA:39,2
DA:47,1
DA:48,1
DA:49,1
DA:53,1
DA:62,0
DA:63,0
DA:64,0
DA:67,0
DA:71,0
DA:79,0
DA:80,0
DA:84,0
DA:88,0
DA:92,0
DA:100,0
DA:101,0
DA:102,0
DA:108,0
DA:109,0
DA:113,0
DA:114,0
DA:122,0
DA:123,0
DA:127,0
DA:132,0
DA:140,1
DA:141,1
DA:145,2
DA:149,2
LF:40
LH:18
end_of_record
SF:lib\presentation\widgets\auth\auth_text_field.dart
DA:21,1
DA:36,1
DA:37,1
DA:43,1
DA:45,3
DA:47,1
DA:48,2
DA:49,3
DA:50,2
DA:51,2
DA:52,2
DA:53,4
DA:54,2
DA:55,2
DA:56,1
DA:59,1
DA:60,2
DA:61,2
DA:62,2
DA:63,0
DA:64,0
DA:68,2
DA:69,1
DA:70,1
DA:71,1
DA:74,1
DA:75,2
DA:76,2
DA:84,1
DA:85,1
DA:87,1
DA:91,1
DA:93,1
DA:97,1
DA:104,1
DA:110,1
DA:117,1
DA:120,1
LF:38
LH:36
end_of_record
SF:lib\core\constants\dimension.dart
DA:5,0
DA:99,0
DA:100,1
DA:101,0
DA:102,0
DA:105,0
DA:107,0
DA:109,0
DA:113,0
DA:115,0
DA:117,0
DA:120,0
DA:121,0
DA:122,0
DA:123,0
DA:162,0
DA:163,0
DA:166,0
DA:167,0
DA:172,0
DA:173,0
DA:174,0
DA:175,0
DA:180,0
DA:181,0
DA:184,0
DA:185,0
LF:27
LH:1
end_of_record
SF:lib\presentation\widgets\auth\auth_button.dart
DA:20,1
DA:31,2
DA:33,6
DA:35,2
DA:36,1
DA:37,1
DA:38,1
DA:39,1
DA:40,2
DA:41,1
DA:46,1
DA:50,1
DA:55,2
DA:56,2
DA:57,2
DA:58,2
DA:59,4
DA:60,2
DA:63,2
DA:64,2
DA:69,2
DA:74,2
DA:75,2
DA:76,2
DA:82,2
DA:83,1
DA:85,1
DA:86,1
DA:87,1
DA:91,1
DA:92,1
DA:93,1
DA:103,2
DA:104,2
DA:105,2
LF:35
LH:35
end_of_record
SF:lib\presentation\widgets\common\custom_alert_dialog.dart
DA:24,1
DA:36,1
DA:38,3
DA:40,1
DA:41,2
DA:42,1
DA:44,1
DA:46,1
DA:47,1
DA:49,1
DA:50,2
DA:53,3
DA:56,1
DA:57,1
DA:65,1
DA:66,1
DA:67,1
DA:74,1
DA:75,1
DA:76,2
DA:77,1
DA:78,1
DA:79,0
DA:80,0
DA:81,0
DA:83,1
DA:85,1
DA:86,1
DA:88,1
DA:90,1
DA:91,1
DA:92,1
DA:98,1
DA:99,1
DA:100,1
DA:101,1
DA:102,2
DA:104,1
DA:105,1
DA:107,1
DA:108,1
DA:112,1
DA:113,1
DA:130,0
DA:139,0
DA:141,0
DA:144,0
DA:145,0
DA:146,0
DA:148,0
DA:150,0
DA:151,0
DA:153,0
DA:154,0
DA:157,0
DA:160,0
DA:169,0
DA:171,0
DA:178,0
DA:179,0
DA:180,0
DA:181,0
DA:182,0
DA:183,0
DA:185,0
DA:186,0
DA:188,0
DA:190,0
DA:192,0
DA:197,0
DA:198,0
DA:199,0
DA:200,0
DA:201,0
DA:203,0
DA:204,0
DA:208,0
DA:228,0
DA:238,0
DA:240,0
DA:243,0
DA:244,0
DA:245,0
DA:247,0
DA:250,0
DA:251,0
DA:252,0
DA:253,0
DA:255,0
DA:256,0
DA:257,0
DA:259,0
DA:266,0
DA:267,0
DA:277,0
DA:279,0
DA:281,0
DA:287,0
DA:288,0
DA:291,0
DA:293,0
DA:294,0
DA:295,0
DA:296,0
DA:298,0
DA:299,0
DA:300,0
DA:302,0
DA:303,0
DA:304,0
DA:309,0
DA:310,0
DA:311,0
DA:312,0
DA:313,0
DA:314,0
DA:315,0
DA:317,0
DA:318,0
DA:320,0
DA:322,0
DA:324,0
DA:329,0
DA:330,0
DA:331,0
DA:332,0
DA:335,0
DA:336,0
DA:340,0
DA:356,0
DA:360,1
DA:362,0
DA:368,1
DA:369,1
DA:373,0
DA:374,0
DA:378,0
DA:379,0
DA:383,0
DA:384,0
DA:396,1
LF:141
LH:44
end_of_record
SF:lib\presentation\widgets\custom_tab_bar.dart
DA:35,1
DA:63,1
DA:64,1
DA:65,1
DA:66,1
DA:67,1
DA:70,1
DA:71,1
DA:72,4
DA:77,1
DA:81,1
DA:83,1
DA:85,1
DA:86,1
DA:87,1
DA:88,1
DA:89,1
DA:90,1
DA:91,2
DA:93,1
DA:94,1
DA:95,2
DA:96,1
DA:97,2
DA:98,1
DA:99,3
DA:100,1
DA:101,2
DA:102,1
DA:103,1
DA:104,1
DA:105,1
DA:106,1
DA:107,1
DA:108,1
DA:109,1
DA:110,1
DA:111,1
DA:115,1
LF:39
LH:39
end_of_record
SF:lib\theme\app_theme.dart
DA:15,2
DA:17,0
DA:18,0
DA:21,3
DA:23,1
DA:24,1
DA:26,1
DA:27,1
DA:28,1
DA:29,1
DA:31,0
DA:32,0
DA:34,0
DA:35,0
DA:37,0
DA:38,0
DA:40,0
DA:55,0
DA:56,0
DA:58,0
DA:60,0
DA:61,0
DA:62,0
DA:63,0
DA:66,0
DA:81,0
DA:82,0
DA:84,0
DA:86,0
DA:87,0
DA:88,0
DA:89,0
LF:32
LH:8
end_of_record
SF:lib\theme\custom_app_bar_theme.dart
DA:8,0
DA:12,0
DA:16,0
DA:17,0
DA:25,0
DA:30,0
LF:6
LH:0
end_of_record
SF:lib\theme\custom_bottom_navigation_theme.dart
DA:8,0
DA:13,0
DA:20,0
DA:26,0
LF:4
LH:0
end_of_record
SF:lib\theme\custom_divider_theme.dart
DA:8,0
DA:11,0
DA:17,0
DA:21,0
LF:4
LH:0
end_of_record
SF:lib\theme\custom_floating_action_buttom_theme.dart
DA:8,0
DA:12,0
DA:18,0
DA:23,0
LF:4
LH:0
end_of_record
SF:lib\theme\custom_icon_button_theme.dart
DA:8,0
DA:11,0
DA:12,0
DA:13,0
DA:24,0
DA:28,0
LF:6
LH:0
end_of_record
SF:lib\theme\custom_icon_theme.dart
DA:8,0
DA:11,0
DA:16,0
DA:20,0
LF:4
LH:0
end_of_record
SF:lib\theme\custom_text_theme.dart
DA:11,0
DA:15,0
DA:16,0
DA:21,0
DA:26,0
DA:31,0
DA:35,0
DA:39,0
DA:43,0
DA:48,0
DA:53,0
DA:58,0
DA:62,0
DA:66,0
DA:70,0
DA:75,0
DA:80,0
DA:88,0
DA:92,0
LF:19
LH:0
end_of_record
SF:lib\presentation\widgets\auth\otp_text_field.dart
DA:15,1
DA:23,1
DA:24,1
DA:31,1
DA:33,1
DA:34,6
DA:35,6
DA:38,5
DA:39,3
DA:40,6
DA:41,4
DA:46,1
DA:48,2
DA:49,1
DA:51,2
DA:52,1
DA:54,1
DA:57,6
DA:59,1
DA:60,6
DA:61,4
DA:64,4
DA:66,5
DA:67,0
DA:71,0
DA:72,0
DA:73,0
DA:74,0
DA:75,0
DA:76,0
DA:80,1
DA:82,3
DA:84,1
DA:86,1
DA:87,2
DA:88,2
DA:91,1
DA:92,1
DA:93,0
DA:94,1
DA:95,2
DA:96,2
DA:100,1
DA:105,1
DA:106,1
DA:108,1
DA:112,1
DA:113,1
DA:115,1
DA:121,1
DA:123,1
DA:129,1
DA:137,2
LF:53
LH:45
end_of_record
